<?xml version="1.0" encoding="UTF-8"?>
<!-- Generated by org.testng.reporters.JUnitReportReporter -->
<testsuite name="com.pommercurytest.mercurylogintest" tests="1" time="2.622" ignored="5" failures="0" timestamp="13 Nov 2019 08:13:06 GMT" skipped="0" hostname="user-PC" errors="0">
  <testcase name="numofelements" time="2.622" classname="com.pommercurytest.mercurylogintest"/>
  <testcase name="userName" classname="com.pommercurytest.mercurylogintest">
    <skipped/>
  </testcase> <!-- userName -->
  <testcase name="register" classname="com.pommercurytest.mercurylogintest">
    <skipped/>
  </testcase> <!-- register -->
  <testcase name="login" classname="com.pommercurytest.mercurylogintest">
    <skipped/>
  </testcase> <!-- login -->
  <testcase name="contact" classname="com.pommercurytest.mercurylogintest">
    <skipped/>
  </testcase> <!-- contact -->
  <testcase name="password" classname="com.pommercurytest.mercurylogintest">
    <skipped/>
  </testcase> <!-- password -->
</testsuite> <!-- com.pommercurytest.mercurylogintest -->
