<?xml version="1.0" encoding="UTF-8"?>
<!-- Generated by org.testng.reporters.JUnitReportReporter -->
<testsuite name="com.log4jtutorial.API" tests="1" time="33.234" ignored="0" failures="0" timestamp="13 Nov 2019 13:01:20 GMT" skipped="0" hostname="user-PC" errors="0">
  <testcase name="api" time="33.234" classname="com.log4jtutorial.API"/>
</testsuite> <!-- com.log4jtutorial.API -->
