<?xml version="1.0" encoding="UTF-8"?>
<!-- Generated by org.testng.reporters.JUnitReportReporter -->
<testsuite name="com.log4jtutorial.Log4j" tests="1" time="0.069" ignored="0" failures="0" timestamp="13 Nov 2019 14:23:10 GMT" skipped="0" hostname="user-PC" errors="0">
  <testcase name="log4j" time="0.069" classname="com.log4jtutorial.Log4j"/>
</testsuite> <!-- com.log4jtutorial.Log4j -->
