<?xml version="1.0" encoding="UTF-8"?>
<!-- Generated by org.testng.reporters.JUnitReportReporter -->
<testsuite name="com.pom.ElementsClick" tests="4" time="7.588" ignored="0" failures="0" timestamp="13 Nov 2019 06:55:57 GMT" skipped="0" hostname="user-PC" errors="0">
  <testcase name="register" time="1.846" classname="com.pom.ElementsClick"/>
  <testcase name="support" time="1.193" classname="com.pom.ElementsClick"/>
  <testcase name="contact" time="1.516" classname="com.pom.ElementsClick"/>
  <testcase name="signon" time="3.033" classname="com.pom.ElementsClick"/>
</testsuite> <!-- com.pom.ElementsClick -->
